2015-04-06 11:11:32,906 [1] INFO  ConnectionStringLog [(null)] - spring context handler assembly file path:d:/wangyc/code/sizomgit/art.web/bin/
2015-04-06 11:11:32,916 [1] INFO  ConnectionStringLog [(null)] - spring xml settings file path:D:\wangyc\code\sizomgit\Art.Web\SpringDlls.xml
2015-04-06 11:11:32,917 [1] INFO  ConnectionStringLog [(null)] - spring context handler init assembly:AC.Core.dll
2015-04-06 11:11:32,920 [1] INFO  ConnectionStringLog [(null)] - spring context handler init assembly:AC.Data.dll
2015-04-06 11:11:32,922 [1] INFO  ConnectionStringLog [(null)] - spring context handler init assembly:AC.Spring.dll
2015-04-06 11:11:32,923 [1] INFO  ConnectionStringLog [(null)] - spring context handler init assembly:Antlr3.Runtime.dll
2015-04-06 11:11:32,925 [1] INFO  ConnectionStringLog [(null)] - spring context handler init assembly:Art.Dao.dll
2015-04-06 11:11:32,930 [1] INFO  ConnectionStringLog [(null)] - spring context handler init assembly:Art.Service.dll
2015-04-06 11:11:32,931 [1] INFO  ConnectionStringLog [(null)] - spring context handler init assembly:Art.Service.Impl.dll
2015-04-06 11:11:32,933 [1] INFO  ConnectionStringLog [(null)] - spring context handler init assembly:Art.Web.dll
2015-04-06 11:11:32,935 [1] INFO  ConnectionStringLog [(null)] - spring context handler init assembly:Common.Logging.dll
2015-04-06 11:11:32,937 [1] INFO  ConnectionStringLog [(null)] - spring context handler init assembly:Common.Logging.Log4Net.dll
2015-04-06 11:11:32,938 [1] INFO  ConnectionStringLog [(null)] - spring context handler init assembly:DotNetOpenAuth.AspNet.dll
2015-04-06 11:11:32,940 [1] INFO  ConnectionStringLog [(null)] - spring context handler init assembly:DotNetOpenAuth.Core.dll
2015-04-06 11:11:32,957 [1] INFO  ConnectionStringLog [(null)] - spring context handler init assembly:DotNetOpenAuth.OAuth.Consumer.dll
2015-04-06 11:11:32,958 [1] INFO  ConnectionStringLog [(null)] - spring context handler init assembly:DotNetOpenAuth.OAuth.dll
2015-04-06 11:11:32,960 [1] INFO  ConnectionStringLog [(null)] - spring context handler init assembly:DotNetOpenAuth.OpenId.dll
2015-04-06 11:11:32,962 [1] INFO  ConnectionStringLog [(null)] - spring context handler init assembly:DotNetOpenAuth.OpenId.RelyingParty.dll
2015-04-06 11:11:32,964 [1] INFO  ConnectionStringLog [(null)] - spring context handler init assembly:EntityFramework.dll
2015-04-06 11:11:32,968 [1] INFO  ConnectionStringLog [(null)] - spring context handler init assembly:log4net.dll
2015-04-06 11:11:32,970 [1] INFO  ConnectionStringLog [(null)] - spring context handler init assembly:Microsoft.Data.Edm.dll
2015-04-06 11:11:32,973 [1] INFO  ConnectionStringLog [(null)] - spring context handler init assembly:Microsoft.Data.OData.dll
2015-04-06 11:11:32,982 [1] INFO  ConnectionStringLog [(null)] - spring context handler init assembly:Microsoft.Web.Infrastructure.dll
2015-04-06 11:11:32,984 [1] INFO  ConnectionStringLog [(null)] - spring context handler init assembly:Microsoft.Web.Mvc.FixedDisplayModes.dll
2015-04-06 11:11:32,985 [1] INFO  ConnectionStringLog [(null)] - spring context handler init assembly:Microsoft.Web.WebPages.OAuth.dll
2015-04-06 11:11:32,987 [1] INFO  ConnectionStringLog [(null)] - spring context handler init assembly:Newtonsoft.Json.dll
2015-04-06 11:11:32,989 [1] INFO  ConnectionStringLog [(null)] - spring context handler init assembly:Spring.Core.dll
2015-04-06 11:11:32,993 [1] INFO  ConnectionStringLog [(null)] - spring context handler init assembly:System.Net.Http.Formatting.dll
2015-04-06 11:11:32,995 [1] INFO  ConnectionStringLog [(null)] - spring context handler init assembly:System.Spatial.dll
2015-04-06 11:11:32,996 [1] INFO  ConnectionStringLog [(null)] - spring context handler init assembly:System.Web.Helpers.dll
2015-04-06 11:11:32,998 [1] INFO  ConnectionStringLog [(null)] - spring context handler init assembly:System.Web.Http.dll
2015-04-06 11:11:33,001 [1] INFO  ConnectionStringLog [(null)] - spring context handler init assembly:System.Web.Http.OData.dll
2015-04-06 11:11:33,004 [1] INFO  ConnectionStringLog [(null)] - spring context handler init assembly:System.Web.Http.WebHost.dll
2015-04-06 11:11:33,006 [1] INFO  ConnectionStringLog [(null)] - spring context handler init assembly:System.Web.Mvc.dll
2015-04-06 11:11:33,010 [1] INFO  ConnectionStringLog [(null)] - spring context handler init assembly:System.Web.Optimization.dll
2015-04-06 11:11:33,012 [1] INFO  ConnectionStringLog [(null)] - spring context handler init assembly:System.Web.Razor.dll
2015-04-06 11:11:33,015 [1] INFO  ConnectionStringLog [(null)] - spring context handler init assembly:System.Web.WebPages.Deployment.dll
2015-04-06 11:11:33,017 [1] INFO  ConnectionStringLog [(null)] - spring context handler init assembly:System.Web.WebPages.dll
2015-04-06 11:11:33,019 [1] INFO  ConnectionStringLog [(null)] - spring context handler init assembly:System.Web.WebPages.Razor.dll
2015-04-06 11:11:33,021 [1] INFO  ConnectionStringLog [(null)] - spring context handler init assembly:WebGrease.dll
2015-04-06 11:11:33,024 [1] INFO  ConnectionStringLog [(null)] - spring context handler init assembly:WebMatrix.Data.dll
2015-04-06 11:11:33,025 [1] INFO  ConnectionStringLog [(null)] - spring context handler init assembly:WebMatrix.WebData.dll
2015-04-06 11:11:33,028 [1] INFO  ConnectionStringLog [(null)] - spring初始化使用时间是：0.218 秒
2015-04-06 18:01:30,785 [1] INFO  ConnectionStringLog [(null)] - spring context handler assembly file path:d:/wangyc/code/sizomgit/art.web/bin/
2015-04-06 18:01:30,818 [1] INFO  ConnectionStringLog [(null)] - spring xml settings file path:D:\wangyc\code\sizomgit\Art.Web\SpringDlls.xml
2015-04-06 18:01:30,819 [1] INFO  ConnectionStringLog [(null)] - spring context handler init assembly:AC.Core.dll
2015-04-06 18:01:30,822 [1] INFO  ConnectionStringLog [(null)] - spring context handler init assembly:AC.Data.dll
2015-04-06 18:01:30,823 [1] INFO  ConnectionStringLog [(null)] - spring context handler init assembly:AC.Spring.dll
2015-04-06 18:01:30,825 [1] INFO  ConnectionStringLog [(null)] - spring context handler init assembly:Antlr3.Runtime.dll
2015-04-06 18:01:30,827 [1] INFO  ConnectionStringLog [(null)] - spring context handler init assembly:Art.Common.dll
2015-04-06 18:01:30,834 [1] INFO  ConnectionStringLog [(null)] - spring context handler init assembly:Art.Dao.dll
2015-04-06 18:01:30,836 [1] INFO  ConnectionStringLog [(null)] - spring context handler init assembly:Art.Service.dll
2015-04-06 18:01:30,837 [1] INFO  ConnectionStringLog [(null)] - spring context handler init assembly:Art.Service.Impl.dll
2015-04-06 18:01:30,839 [1] INFO  ConnectionStringLog [(null)] - spring context handler init assembly:Art.Web.dll
2015-04-06 18:01:30,841 [1] INFO  ConnectionStringLog [(null)] - spring context handler init assembly:Common.Logging.dll
2015-04-06 18:01:30,844 [1] INFO  ConnectionStringLog [(null)] - spring context handler init assembly:Common.Logging.Log4Net.dll
2015-04-06 18:01:30,846 [1] INFO  ConnectionStringLog [(null)] - spring context handler init assembly:DotNetOpenAuth.AspNet.dll
2015-04-06 18:01:30,848 [1] INFO  ConnectionStringLog [(null)] - spring context handler init assembly:DotNetOpenAuth.Core.dll
2015-04-06 18:01:30,850 [1] INFO  ConnectionStringLog [(null)] - spring context handler init assembly:DotNetOpenAuth.OAuth.Consumer.dll
2015-04-06 18:01:30,852 [1] INFO  ConnectionStringLog [(null)] - spring context handler init assembly:DotNetOpenAuth.OAuth.dll
2015-04-06 18:01:30,854 [1] INFO  ConnectionStringLog [(null)] - spring context handler init assembly:DotNetOpenAuth.OpenId.dll
2015-04-06 18:01:30,886 [1] INFO  ConnectionStringLog [(null)] - spring context handler init assembly:DotNetOpenAuth.OpenId.RelyingParty.dll
2015-04-06 18:01:30,890 [1] INFO  ConnectionStringLog [(null)] - spring context handler init assembly:EntityFramework.dll
2015-04-06 18:01:30,895 [1] INFO  ConnectionStringLog [(null)] - spring context handler init assembly:log4net.dll
2015-04-06 18:01:30,898 [1] INFO  ConnectionStringLog [(null)] - spring context handler init assembly:Microsoft.Data.Edm.dll
2015-04-06 18:01:30,901 [1] INFO  ConnectionStringLog [(null)] - spring context handler init assembly:Microsoft.Data.OData.dll
2015-04-06 18:01:30,905 [1] INFO  ConnectionStringLog [(null)] - spring context handler init assembly:Microsoft.Web.Infrastructure.dll
2015-04-06 18:01:30,909 [1] INFO  ConnectionStringLog [(null)] - spring context handler init assembly:Microsoft.Web.Mvc.FixedDisplayModes.dll
2015-04-06 18:01:30,910 [1] INFO  ConnectionStringLog [(null)] - spring context handler init assembly:Microsoft.Web.WebPages.OAuth.dll
2015-04-06 18:01:30,912 [1] INFO  ConnectionStringLog [(null)] - spring context handler init assembly:Newtonsoft.Json.dll
2015-04-06 18:01:30,915 [1] INFO  ConnectionStringLog [(null)] - spring context handler init assembly:Spring.Core.dll
2015-04-06 18:01:30,919 [1] INFO  ConnectionStringLog [(null)] - spring context handler init assembly:System.Net.Http.Formatting.dll
2015-04-06 18:01:30,921 [1] INFO  ConnectionStringLog [(null)] - spring context handler init assembly:System.Spatial.dll
2015-04-06 18:01:30,923 [1] INFO  ConnectionStringLog [(null)] - spring context handler init assembly:System.Web.Helpers.dll
2015-04-06 18:01:30,925 [1] INFO  ConnectionStringLog [(null)] - spring context handler init assembly:System.Web.Http.dll
2015-04-06 18:01:30,928 [1] INFO  ConnectionStringLog [(null)] - spring context handler init assembly:System.Web.Http.OData.dll
2015-04-06 18:01:30,932 [1] INFO  ConnectionStringLog [(null)] - spring context handler init assembly:System.Web.Http.WebHost.dll
2015-04-06 18:01:30,934 [1] INFO  ConnectionStringLog [(null)] - spring context handler init assembly:System.Web.Mvc.dll
2015-04-06 18:01:30,939 [1] INFO  ConnectionStringLog [(null)] - spring context handler init assembly:System.Web.Optimization.dll
2015-04-06 18:01:30,941 [1] INFO  ConnectionStringLog [(null)] - spring context handler init assembly:System.Web.Razor.dll
2015-04-06 18:01:30,953 [1] INFO  ConnectionStringLog [(null)] - spring context handler init assembly:System.Web.WebPages.Deployment.dll
2015-04-06 18:01:30,955 [1] INFO  ConnectionStringLog [(null)] - spring context handler init assembly:System.Web.WebPages.dll
2015-04-06 18:01:30,961 [1] INFO  ConnectionStringLog [(null)] - spring context handler init assembly:System.Web.WebPages.Razor.dll
2015-04-06 18:01:30,963 [1] INFO  ConnectionStringLog [(null)] - spring context handler init assembly:WebGrease.dll
2015-04-06 18:01:30,965 [1] INFO  ConnectionStringLog [(null)] - spring context handler init assembly:WebMatrix.Data.dll
2015-04-06 18:01:30,968 [1] INFO  ConnectionStringLog [(null)] - spring context handler init assembly:WebMatrix.WebData.dll
2015-04-06 18:01:30,970 [1] INFO  ConnectionStringLog [(null)] - spring初始化使用时间是：0.296 秒
2015-04-06 18:01:31,505 [6] INFO  ConnectionStringLog [(null)] - ConnectionStringUtil not be initional, init it.
2015-04-06 18:01:31,512 [6] INFO  ConnectionStringLog [(null)] - 第1次获取连接字符串开始...
2015-04-06 18:01:31,513 [6] INFO  ConnectionStringLog [(null)] - [ConnectionStringFactory] Create ConnectionStrings by Creator:AC.Data.ConnString.Config.ConnStringCreatorOfConfig
2015-04-06 18:01:31,516 [6] INFO  ConnectionStringLog [(null)] - 配置文件的[connectionStrings]配置节中共有字符串数量：3.
ConfigConnString:ConfigConnString:[Name:LocalSqlServer]-[ConnectionString:data source=.\SQLEXPRESS;Integrated Security=SSPI;AttachDBFilename=|DataDirectory|aspnetdb.mdf;User Instance=true]-[ProviderName:System.Data.SqlClient]
ConfigConnString:ConfigConnString:[Name:LocalMySqlServer]-[ConnectionString:]-[ProviderName:]
ConfigConnString:ConfigConnString:[Name:ConnStringOfSizom]-[ConnectionString:Data Source=115.28.152.245;Initial Catalog=Sizom;User ID=artsizom;password=q1w2e3r$]-[ProviderName:]

2015-04-06 18:01:31,518 [6] INFO  ConnectionStringLog [(null)] - ConnectionString初始化完成，共有数据库连接字符串：3个ConfigConnString:[Name:LocalSqlServer]-[ConnectionString:data source=.\SQLEXPRESS;Integrated Security=SSPI;AttachDBFilename=|DataDirectory|aspnetdb.mdf;User Instance=true]-[ProviderName:System.Data.SqlClient]
ConfigConnString:[Name:LocalMySqlServer]-[ConnectionString:]-[ProviderName:]
ConfigConnString:[Name:ConnStringOfSizom]-[ConnectionString:Data Source=115.28.152.245;Initial Catalog=Sizom;User ID=artsizom;password=q1w2e3r$]-[ProviderName:]

2015-04-06 18:05:46,725 [1] INFO  ConnectionStringLog [(null)] - spring context handler assembly file path:d:/wangyc/code/sizomgit/art.web/bin/
2015-04-06 18:05:46,734 [1] INFO  ConnectionStringLog [(null)] - spring xml settings file path:D:\wangyc\code\sizomgit\Art.Web\SpringDlls.xml
2015-04-06 18:05:46,736 [1] INFO  ConnectionStringLog [(null)] - spring context handler init assembly:AC.Core.dll
2015-04-06 18:05:46,738 [1] INFO  ConnectionStringLog [(null)] - spring context handler init assembly:AC.Data.dll
2015-04-06 18:05:46,739 [1] INFO  ConnectionStringLog [(null)] - spring context handler init assembly:AC.Spring.dll
2015-04-06 18:05:46,741 [1] INFO  ConnectionStringLog [(null)] - spring context handler init assembly:Antlr3.Runtime.dll
2015-04-06 18:05:46,742 [1] INFO  ConnectionStringLog [(null)] - spring context handler init assembly:Art.Common.dll
2015-04-06 18:05:46,748 [1] INFO  ConnectionStringLog [(null)] - spring context handler init assembly:Art.Dao.dll
2015-04-06 18:05:46,749 [1] INFO  ConnectionStringLog [(null)] - spring context handler init assembly:Art.Service.dll
2015-04-06 18:05:46,750 [1] INFO  ConnectionStringLog [(null)] - spring context handler init assembly:Art.Service.Impl.dll
2015-04-06 18:05:46,751 [1] INFO  ConnectionStringLog [(null)] - spring context handler init assembly:Art.Web.dll
2015-04-06 18:05:46,753 [1] INFO  ConnectionStringLog [(null)] - spring context handler init assembly:Common.Logging.dll
2015-04-06 18:05:46,754 [1] INFO  ConnectionStringLog [(null)] - spring context handler init assembly:Common.Logging.Log4Net.dll
2015-04-06 18:05:46,756 [1] INFO  ConnectionStringLog [(null)] - spring context handler init assembly:DotNetOpenAuth.AspNet.dll
2015-04-06 18:05:46,757 [1] INFO  ConnectionStringLog [(null)] - spring context handler init assembly:DotNetOpenAuth.Core.dll
2015-04-06 18:05:46,759 [1] INFO  ConnectionStringLog [(null)] - spring context handler init assembly:DotNetOpenAuth.OAuth.Consumer.dll
2015-04-06 18:05:46,760 [1] INFO  ConnectionStringLog [(null)] - spring context handler init assembly:DotNetOpenAuth.OAuth.dll
2015-04-06 18:05:46,762 [1] INFO  ConnectionStringLog [(null)] - spring context handler init assembly:DotNetOpenAuth.OpenId.dll
2015-04-06 18:05:46,764 [1] INFO  ConnectionStringLog [(null)] - spring context handler init assembly:DotNetOpenAuth.OpenId.RelyingParty.dll
2015-04-06 18:05:46,766 [1] INFO  ConnectionStringLog [(null)] - spring context handler init assembly:EntityFramework.dll
2015-04-06 18:05:46,779 [1] INFO  ConnectionStringLog [(null)] - spring context handler init assembly:log4net.dll
2015-04-06 18:05:46,782 [1] INFO  ConnectionStringLog [(null)] - spring context handler init assembly:Microsoft.Data.Edm.dll
2015-04-06 18:05:46,785 [1] INFO  ConnectionStringLog [(null)] - spring context handler init assembly:Microsoft.Data.OData.dll
2015-04-06 18:05:46,788 [1] INFO  ConnectionStringLog [(null)] - spring context handler init assembly:Microsoft.Web.Infrastructure.dll
2015-04-06 18:05:46,790 [1] INFO  ConnectionStringLog [(null)] - spring context handler init assembly:Microsoft.Web.Mvc.FixedDisplayModes.dll
2015-04-06 18:05:46,792 [1] INFO  ConnectionStringLog [(null)] - spring context handler init assembly:Microsoft.Web.WebPages.OAuth.dll
2015-04-06 18:05:46,793 [1] INFO  ConnectionStringLog [(null)] - spring context handler init assembly:Newtonsoft.Json.dll
2015-04-06 18:05:46,795 [1] INFO  ConnectionStringLog [(null)] - spring context handler init assembly:Spring.Core.dll
2015-04-06 18:05:46,799 [1] INFO  ConnectionStringLog [(null)] - spring context handler init assembly:System.Net.Http.Formatting.dll
2015-04-06 18:05:46,801 [1] INFO  ConnectionStringLog [(null)] - spring context handler init assembly:System.Spatial.dll
2015-04-06 18:05:46,803 [1] INFO  ConnectionStringLog [(null)] - spring context handler init assembly:System.Web.Helpers.dll
2015-04-06 18:05:46,805 [1] INFO  ConnectionStringLog [(null)] - spring context handler init assembly:System.Web.Http.dll
2015-04-06 18:05:46,807 [1] INFO  ConnectionStringLog [(null)] - spring context handler init assembly:System.Web.Http.OData.dll
2015-04-06 18:05:46,812 [1] INFO  ConnectionStringLog [(null)] - spring context handler init assembly:System.Web.Http.WebHost.dll
2015-04-06 18:05:46,813 [1] INFO  ConnectionStringLog [(null)] - spring context handler init assembly:System.Web.Mvc.dll
2015-04-06 18:05:46,817 [1] INFO  ConnectionStringLog [(null)] - spring context handler init assembly:System.Web.Optimization.dll
2015-04-06 18:05:46,818 [1] INFO  ConnectionStringLog [(null)] - spring context handler init assembly:System.Web.Razor.dll
2015-04-06 18:05:46,820 [1] INFO  ConnectionStringLog [(null)] - spring context handler init assembly:System.Web.WebPages.Deployment.dll
2015-04-06 18:05:46,822 [1] INFO  ConnectionStringLog [(null)] - spring context handler init assembly:System.Web.WebPages.dll
2015-04-06 18:05:46,824 [1] INFO  ConnectionStringLog [(null)] - spring context handler init assembly:System.Web.WebPages.Razor.dll
2015-04-06 18:05:46,826 [1] INFO  ConnectionStringLog [(null)] - spring context handler init assembly:WebGrease.dll
2015-04-06 18:05:46,829 [1] INFO  ConnectionStringLog [(null)] - spring context handler init assembly:WebMatrix.Data.dll
2015-04-06 18:05:46,830 [1] INFO  ConnectionStringLog [(null)] - spring context handler init assembly:WebMatrix.WebData.dll
2015-04-06 18:05:46,832 [1] INFO  ConnectionStringLog [(null)] - spring初始化使用时间是：0.166 秒
2015-04-06 18:05:47,096 [6] INFO  ConnectionStringLog [(null)] - ConnectionStringUtil not be initional, init it.
2015-04-06 18:05:47,102 [6] INFO  ConnectionStringLog [(null)] - 第1次获取连接字符串开始...
2015-04-06 18:05:47,104 [6] INFO  ConnectionStringLog [(null)] - [ConnectionStringFactory] Create ConnectionStrings by Creator:AC.Data.ConnString.Config.ConnStringCreatorOfConfig
2015-04-06 18:05:47,106 [6] INFO  ConnectionStringLog [(null)] - 配置文件的[connectionStrings]配置节中共有字符串数量：3.
ConfigConnString:ConfigConnString:[Name:LocalSqlServer]-[ConnectionString:data source=.\SQLEXPRESS;Integrated Security=SSPI;AttachDBFilename=|DataDirectory|aspnetdb.mdf;User Instance=true]-[ProviderName:System.Data.SqlClient]
ConfigConnString:ConfigConnString:[Name:LocalMySqlServer]-[ConnectionString:]-[ProviderName:]
ConfigConnString:ConfigConnString:[Name:ConnStringOfSizom]-[ConnectionString:Data Source=115.28.152.245;Initial Catalog=Sizom;User ID=artsizom;password=q1w2e3r$]-[ProviderName:]

2015-04-06 18:05:47,106 [6] INFO  ConnectionStringLog [(null)] - ConnectionString初始化完成，共有数据库连接字符串：3个ConfigConnString:[Name:LocalSqlServer]-[ConnectionString:data source=.\SQLEXPRESS;Integrated Security=SSPI;AttachDBFilename=|DataDirectory|aspnetdb.mdf;User Instance=true]-[ProviderName:System.Data.SqlClient]
ConfigConnString:[Name:LocalMySqlServer]-[ConnectionString:]-[ProviderName:]
ConfigConnString:[Name:ConnStringOfSizom]-[ConnectionString:Data Source=115.28.152.245;Initial Catalog=Sizom;User ID=artsizom;password=q1w2e3r$]-[ProviderName:]

2015-04-06 18:47:26,194 [1] INFO  ConnectionStringLog [(null)] - spring context handler assembly file path:d:/wangyc/code/sizomgit/art.web/bin/
2015-04-06 18:47:26,210 [1] INFO  ConnectionStringLog [(null)] - spring xml settings file path:D:\wangyc\code\sizomgit\Art.Web\SpringDlls.xml
2015-04-06 18:47:26,211 [1] INFO  ConnectionStringLog [(null)] - spring context handler init assembly:AC.Core.dll
2015-04-06 18:47:26,213 [1] INFO  ConnectionStringLog [(null)] - spring context handler init assembly:AC.Data.dll
2015-04-06 18:47:26,215 [1] INFO  ConnectionStringLog [(null)] - spring context handler init assembly:AC.Spring.dll
2015-04-06 18:47:26,216 [1] INFO  ConnectionStringLog [(null)] - spring context handler init assembly:Antlr3.Runtime.dll
2015-04-06 18:47:26,218 [1] INFO  ConnectionStringLog [(null)] - spring context handler init assembly:Art.Common.dll
2015-04-06 18:47:26,223 [1] INFO  ConnectionStringLog [(null)] - spring context handler init assembly:Art.Dao.dll
2015-04-06 18:47:26,225 [1] INFO  ConnectionStringLog [(null)] - spring context handler init assembly:Art.Service.dll
2015-04-06 18:47:26,226 [1] INFO  ConnectionStringLog [(null)] - spring context handler init assembly:Art.Service.Impl.dll
2015-04-06 18:47:26,227 [1] INFO  ConnectionStringLog [(null)] - spring context handler init assembly:Art.Web.dll
2015-04-06 18:47:26,229 [1] INFO  ConnectionStringLog [(null)] - spring context handler init assembly:Common.Logging.dll
2015-04-06 18:47:26,232 [1] INFO  ConnectionStringLog [(null)] - spring context handler init assembly:Common.Logging.Log4Net.dll
2015-04-06 18:47:26,238 [1] INFO  ConnectionStringLog [(null)] - spring context handler init assembly:DotNetOpenAuth.AspNet.dll
2015-04-06 18:47:26,240 [1] INFO  ConnectionStringLog [(null)] - spring context handler init assembly:DotNetOpenAuth.Core.dll
2015-04-06 18:47:26,242 [1] INFO  ConnectionStringLog [(null)] - spring context handler init assembly:DotNetOpenAuth.OAuth.Consumer.dll
2015-04-06 18:47:26,243 [1] INFO  ConnectionStringLog [(null)] - spring context handler init assembly:DotNetOpenAuth.OAuth.dll
2015-04-06 18:47:26,244 [1] INFO  ConnectionStringLog [(null)] - spring context handler init assembly:DotNetOpenAuth.OpenId.dll
2015-04-06 18:47:26,247 [1] INFO  ConnectionStringLog [(null)] - spring context handler init assembly:DotNetOpenAuth.OpenId.RelyingParty.dll
2015-04-06 18:47:26,249 [1] INFO  ConnectionStringLog [(null)] - spring context handler init assembly:EntityFramework.dll
2015-04-06 18:47:26,254 [1] INFO  ConnectionStringLog [(null)] - spring context handler init assembly:log4net.dll
2015-04-06 18:47:26,326 [1] INFO  ConnectionStringLog [(null)] - spring context handler init assembly:Microsoft.Data.Edm.dll
2015-04-06 18:47:26,329 [1] INFO  ConnectionStringLog [(null)] - spring context handler init assembly:Microsoft.Data.OData.dll
2015-04-06 18:47:26,337 [1] INFO  ConnectionStringLog [(null)] - spring context handler init assembly:Microsoft.Web.Infrastructure.dll
2015-04-06 18:47:26,340 [1] INFO  ConnectionStringLog [(null)] - spring context handler init assembly:Microsoft.Web.Mvc.FixedDisplayModes.dll
2015-04-06 18:47:26,342 [1] INFO  ConnectionStringLog [(null)] - spring context handler init assembly:Microsoft.Web.WebPages.OAuth.dll
2015-04-06 18:47:26,343 [1] INFO  ConnectionStringLog [(null)] - spring context handler init assembly:Newtonsoft.Json.dll
2015-04-06 18:47:26,345 [1] INFO  ConnectionStringLog [(null)] - spring context handler init assembly:Spring.Core.dll
2015-04-06 18:47:26,349 [1] INFO  ConnectionStringLog [(null)] - spring context handler init assembly:System.Net.Http.Formatting.dll
2015-04-06 18:47:26,351 [1] INFO  ConnectionStringLog [(null)] - spring context handler init assembly:System.Spatial.dll
2015-04-06 18:47:26,355 [1] INFO  ConnectionStringLog [(null)] - spring context handler init assembly:System.Web.Helpers.dll
2015-04-06 18:47:26,357 [1] INFO  ConnectionStringLog [(null)] - spring context handler init assembly:System.Web.Http.dll
2015-04-06 18:47:26,360 [1] INFO  ConnectionStringLog [(null)] - spring context handler init assembly:System.Web.Http.OData.dll
2015-04-06 18:47:26,364 [1] INFO  ConnectionStringLog [(null)] - spring context handler init assembly:System.Web.Http.WebHost.dll
2015-04-06 18:47:26,366 [1] INFO  ConnectionStringLog [(null)] - spring context handler init assembly:System.Web.Mvc.dll
2015-04-06 18:47:26,370 [1] INFO  ConnectionStringLog [(null)] - spring context handler init assembly:System.Web.Optimization.dll
2015-04-06 18:47:26,371 [1] INFO  ConnectionStringLog [(null)] - spring context handler init assembly:System.Web.Razor.dll
2015-04-06 18:47:26,376 [1] INFO  ConnectionStringLog [(null)] - spring context handler init assembly:System.Web.WebPages.Deployment.dll
2015-04-06 18:47:26,378 [1] INFO  ConnectionStringLog [(null)] - spring context handler init assembly:System.Web.WebPages.dll
2015-04-06 18:47:26,381 [1] INFO  ConnectionStringLog [(null)] - spring context handler init assembly:System.Web.WebPages.Razor.dll
2015-04-06 18:47:26,384 [1] INFO  ConnectionStringLog [(null)] - spring context handler init assembly:WebGrease.dll
2015-04-06 18:47:26,386 [1] INFO  ConnectionStringLog [(null)] - spring context handler init assembly:WebMatrix.Data.dll
2015-04-06 18:47:26,388 [1] INFO  ConnectionStringLog [(null)] - spring context handler init assembly:WebMatrix.WebData.dll
2015-04-06 18:47:26,390 [1] INFO  ConnectionStringLog [(null)] - spring初始化使用时间是：0.261 秒
2015-04-06 18:47:26,678 [6] INFO  ConnectionStringLog [(null)] - ConnectionStringUtil not be initional, init it.
2015-04-06 18:47:26,805 [6] INFO  ConnectionStringLog [(null)] - 第1次获取连接字符串开始...
2015-04-06 18:47:26,806 [6] INFO  ConnectionStringLog [(null)] - [ConnectionStringFactory] Create ConnectionStrings by Creator:AC.Data.ConnString.Config.ConnStringCreatorOfConfig
2015-04-06 18:47:26,808 [6] INFO  ConnectionStringLog [(null)] - 配置文件的[connectionStrings]配置节中共有字符串数量：3.
ConfigConnString:ConfigConnString:[Name:LocalSqlServer]-[ConnectionString:data source=.\SQLEXPRESS;Integrated Security=SSPI;AttachDBFilename=|DataDirectory|aspnetdb.mdf;User Instance=true]-[ProviderName:System.Data.SqlClient]
ConfigConnString:ConfigConnString:[Name:LocalMySqlServer]-[ConnectionString:]-[ProviderName:]
ConfigConnString:ConfigConnString:[Name:ConnStringOfSizom]-[ConnectionString:Data Source=115.28.152.245;Initial Catalog=Sizom;User ID=artsizom;password=q1w2e3r$]-[ProviderName:]

2015-04-06 18:47:26,809 [6] INFO  ConnectionStringLog [(null)] - ConnectionString初始化完成，共有数据库连接字符串：3个ConfigConnString:[Name:LocalSqlServer]-[ConnectionString:data source=.\SQLEXPRESS;Integrated Security=SSPI;AttachDBFilename=|DataDirectory|aspnetdb.mdf;User Instance=true]-[ProviderName:System.Data.SqlClient]
ConfigConnString:[Name:LocalMySqlServer]-[ConnectionString:]-[ProviderName:]
ConfigConnString:[Name:ConnStringOfSizom]-[ConnectionString:Data Source=115.28.152.245;Initial Catalog=Sizom;User ID=artsizom;password=q1w2e3r$]-[ProviderName:]

2015-04-06 19:03:58,898 [1] INFO  ConnectionStringLog [(null)] - spring context handler assembly file path:d:/wangyc/code/sizomgit/art.web/bin/
2015-04-06 19:03:58,909 [1] INFO  ConnectionStringLog [(null)] - spring xml settings file path:D:\wangyc\code\sizomgit\Art.Web\SpringDlls.xml
2015-04-06 19:03:58,910 [1] INFO  ConnectionStringLog [(null)] - spring context handler init assembly:AC.Core.dll
2015-04-06 19:03:58,913 [1] INFO  ConnectionStringLog [(null)] - spring context handler init assembly:AC.Data.dll
2015-04-06 19:03:58,914 [1] INFO  ConnectionStringLog [(null)] - spring context handler init assembly:AC.Spring.dll
2015-04-06 19:03:58,916 [1] INFO  ConnectionStringLog [(null)] - spring context handler init assembly:Antlr3.Runtime.dll
2015-04-06 19:03:58,917 [1] INFO  ConnectionStringLog [(null)] - spring context handler init assembly:Art.Common.dll
2015-04-06 19:03:58,924 [1] INFO  ConnectionStringLog [(null)] - spring context handler init assembly:Art.Dao.dll
2015-04-06 19:03:58,925 [1] INFO  ConnectionStringLog [(null)] - spring context handler init assembly:Art.Service.dll
2015-04-06 19:03:58,927 [1] INFO  ConnectionStringLog [(null)] - spring context handler init assembly:Art.Service.Impl.dll
2015-04-06 19:03:58,928 [1] INFO  ConnectionStringLog [(null)] - spring context handler init assembly:Art.Web.dll
2015-04-06 19:03:58,930 [1] INFO  ConnectionStringLog [(null)] - spring context handler init assembly:Common.Logging.dll
2015-04-06 19:03:58,932 [1] INFO  ConnectionStringLog [(null)] - spring context handler init assembly:Common.Logging.Log4Net.dll
2015-04-06 19:03:58,933 [1] INFO  ConnectionStringLog [(null)] - spring context handler init assembly:DotNetOpenAuth.AspNet.dll
2015-04-06 19:03:58,935 [1] INFO  ConnectionStringLog [(null)] - spring context handler init assembly:DotNetOpenAuth.Core.dll
2015-04-06 19:03:58,937 [1] INFO  ConnectionStringLog [(null)] - spring context handler init assembly:DotNetOpenAuth.OAuth.Consumer.dll
2015-04-06 19:03:58,939 [1] INFO  ConnectionStringLog [(null)] - spring context handler init assembly:DotNetOpenAuth.OAuth.dll
2015-04-06 19:03:58,941 [1] INFO  ConnectionStringLog [(null)] - spring context handler init assembly:DotNetOpenAuth.OpenId.dll
2015-04-06 19:03:58,944 [1] INFO  ConnectionStringLog [(null)] - spring context handler init assembly:DotNetOpenAuth.OpenId.RelyingParty.dll
2015-04-06 19:03:58,946 [1] INFO  ConnectionStringLog [(null)] - spring context handler init assembly:EntityFramework.dll
2015-04-06 19:03:58,951 [1] INFO  ConnectionStringLog [(null)] - spring context handler init assembly:log4net.dll
2015-04-06 19:03:58,954 [1] INFO  ConnectionStringLog [(null)] - spring context handler init assembly:Microsoft.Data.Edm.dll
2015-04-06 19:03:58,957 [1] INFO  ConnectionStringLog [(null)] - spring context handler init assembly:Microsoft.Data.OData.dll
2015-04-06 19:03:58,961 [1] INFO  ConnectionStringLog [(null)] - spring context handler init assembly:Microsoft.Web.Infrastructure.dll
2015-04-06 19:03:58,963 [1] INFO  ConnectionStringLog [(null)] - spring context handler init assembly:Microsoft.Web.Mvc.FixedDisplayModes.dll
2015-04-06 19:03:58,965 [1] INFO  ConnectionStringLog [(null)] - spring context handler init assembly:Microsoft.Web.WebPages.OAuth.dll
2015-04-06 19:03:58,966 [1] INFO  ConnectionStringLog [(null)] - spring context handler init assembly:Newtonsoft.Json.dll
2015-04-06 19:03:58,969 [1] INFO  ConnectionStringLog [(null)] - spring context handler init assembly:Spring.Core.dll
2015-04-06 19:03:58,972 [1] INFO  ConnectionStringLog [(null)] - spring context handler init assembly:System.Net.Http.Formatting.dll
2015-04-06 19:03:58,975 [1] INFO  ConnectionStringLog [(null)] - spring context handler init assembly:System.Spatial.dll
2015-04-06 19:03:58,977 [1] INFO  ConnectionStringLog [(null)] - spring context handler init assembly:System.Web.Helpers.dll
2015-04-06 19:03:58,979 [1] INFO  ConnectionStringLog [(null)] - spring context handler init assembly:System.Web.Http.dll
2015-04-06 19:03:58,982 [1] INFO  ConnectionStringLog [(null)] - spring context handler init assembly:System.Web.Http.OData.dll
2015-04-06 19:03:58,985 [1] INFO  ConnectionStringLog [(null)] - spring context handler init assembly:System.Web.Http.WebHost.dll
2015-04-06 19:03:58,988 [1] INFO  ConnectionStringLog [(null)] - spring context handler init assembly:System.Web.Mvc.dll
2015-04-06 19:03:58,992 [1] INFO  ConnectionStringLog [(null)] - spring context handler init assembly:System.Web.Optimization.dll
2015-04-06 19:03:58,993 [1] INFO  ConnectionStringLog [(null)] - spring context handler init assembly:System.Web.Razor.dll
2015-04-06 19:03:58,996 [1] INFO  ConnectionStringLog [(null)] - spring context handler init assembly:System.Web.WebPages.Deployment.dll
2015-04-06 19:03:58,998 [1] INFO  ConnectionStringLog [(null)] - spring context handler init assembly:System.Web.WebPages.dll
2015-04-06 19:03:59,010 [1] INFO  ConnectionStringLog [(null)] - spring context handler init assembly:System.Web.WebPages.Razor.dll
2015-04-06 19:03:59,012 [1] INFO  ConnectionStringLog [(null)] - spring context handler init assembly:WebGrease.dll
2015-04-06 19:03:59,016 [1] INFO  ConnectionStringLog [(null)] - spring context handler init assembly:WebMatrix.Data.dll
2015-04-06 19:03:59,018 [1] INFO  ConnectionStringLog [(null)] - spring context handler init assembly:WebMatrix.WebData.dll
2015-04-06 19:03:59,020 [1] INFO  ConnectionStringLog [(null)] - spring初始化使用时间是：0.178 秒
2015-04-06 19:03:59,290 [5] INFO  ConnectionStringLog [(null)] - ConnectionStringUtil not be initional, init it.
2015-04-06 19:03:59,298 [5] INFO  ConnectionStringLog [(null)] - 第1次获取连接字符串开始...
2015-04-06 19:03:59,300 [5] INFO  ConnectionStringLog [(null)] - [ConnectionStringFactory] Create ConnectionStrings by Creator:AC.Data.ConnString.Config.ConnStringCreatorOfConfig
2015-04-06 19:03:59,302 [5] INFO  ConnectionStringLog [(null)] - 配置文件的[connectionStrings]配置节中共有字符串数量：3.
ConfigConnString:ConfigConnString:[Name:LocalSqlServer]-[ConnectionString:data source=.\SQLEXPRESS;Integrated Security=SSPI;AttachDBFilename=|DataDirectory|aspnetdb.mdf;User Instance=true]-[ProviderName:System.Data.SqlClient]
ConfigConnString:ConfigConnString:[Name:LocalMySqlServer]-[ConnectionString:]-[ProviderName:]
ConfigConnString:ConfigConnString:[Name:ConnStringOfSizom]-[ConnectionString:Data Source=115.28.152.245;Initial Catalog=Sizom;User ID=artsizom;password=q1w2e3r$]-[ProviderName:]

2015-04-06 19:03:59,303 [5] INFO  ConnectionStringLog [(null)] - ConnectionString初始化完成，共有数据库连接字符串：3个ConfigConnString:[Name:LocalSqlServer]-[ConnectionString:data source=.\SQLEXPRESS;Integrated Security=SSPI;AttachDBFilename=|DataDirectory|aspnetdb.mdf;User Instance=true]-[ProviderName:System.Data.SqlClient]
ConfigConnString:[Name:LocalMySqlServer]-[ConnectionString:]-[ProviderName:]
ConfigConnString:[Name:ConnStringOfSizom]-[ConnectionString:Data Source=115.28.152.245;Initial Catalog=Sizom;User ID=artsizom;password=q1w2e3r$]-[ProviderName:]

2015-04-06 20:30:18,905 [1] INFO  ConnectionStringLog [(null)] - spring context handler assembly file path:d:/wangyc/code/sizomgit/art.web/bin/
2015-04-06 20:30:18,916 [1] INFO  ConnectionStringLog [(null)] - spring xml settings file path:D:\wangyc\code\sizomgit\Art.Web\SpringDlls.xml
2015-04-06 20:30:18,917 [1] INFO  ConnectionStringLog [(null)] - spring context handler init assembly:AC.Core.dll
2015-04-06 20:30:18,919 [1] INFO  ConnectionStringLog [(null)] - spring context handler init assembly:AC.Data.dll
2015-04-06 20:30:18,921 [1] INFO  ConnectionStringLog [(null)] - spring context handler init assembly:AC.Spring.dll
2015-04-06 20:30:18,922 [1] INFO  ConnectionStringLog [(null)] - spring context handler init assembly:Antlr3.Runtime.dll
2015-04-06 20:30:18,926 [1] INFO  ConnectionStringLog [(null)] - spring context handler init assembly:Art.Common.dll
2015-04-06 20:30:18,932 [1] INFO  ConnectionStringLog [(null)] - spring context handler init assembly:Art.Dao.dll
2015-04-06 20:30:18,933 [1] INFO  ConnectionStringLog [(null)] - spring context handler init assembly:Art.Service.dll
2015-04-06 20:30:18,935 [1] INFO  ConnectionStringLog [(null)] - spring context handler init assembly:Art.Service.Impl.dll
2015-04-06 20:30:18,937 [1] INFO  ConnectionStringLog [(null)] - spring context handler init assembly:Art.Web.dll
2015-04-06 20:30:18,939 [1] INFO  ConnectionStringLog [(null)] - spring context handler init assembly:Common.Logging.dll
2015-04-06 20:30:18,941 [1] INFO  ConnectionStringLog [(null)] - spring context handler init assembly:Common.Logging.Log4Net.dll
2015-04-06 20:30:18,942 [1] INFO  ConnectionStringLog [(null)] - spring context handler init assembly:DotNetOpenAuth.AspNet.dll
2015-04-06 20:30:18,945 [1] INFO  ConnectionStringLog [(null)] - spring context handler init assembly:DotNetOpenAuth.Core.dll
2015-04-06 20:30:18,947 [1] INFO  ConnectionStringLog [(null)] - spring context handler init assembly:DotNetOpenAuth.OAuth.Consumer.dll
2015-04-06 20:30:18,948 [1] INFO  ConnectionStringLog [(null)] - spring context handler init assembly:DotNetOpenAuth.OAuth.dll
2015-04-06 20:30:18,950 [1] INFO  ConnectionStringLog [(null)] - spring context handler init assembly:DotNetOpenAuth.OpenId.dll
2015-04-06 20:30:18,953 [1] INFO  ConnectionStringLog [(null)] - spring context handler init assembly:DotNetOpenAuth.OpenId.RelyingParty.dll
2015-04-06 20:30:18,956 [1] INFO  ConnectionStringLog [(null)] - spring context handler init assembly:EntityFramework.dll
2015-04-06 20:30:18,960 [1] INFO  ConnectionStringLog [(null)] - spring context handler init assembly:log4net.dll
2015-04-06 20:30:18,963 [1] INFO  ConnectionStringLog [(null)] - spring context handler init assembly:Microsoft.Data.Edm.dll
2015-04-06 20:30:18,966 [1] INFO  ConnectionStringLog [(null)] - spring context handler init assembly:Microsoft.Data.OData.dll
2015-04-06 20:30:18,970 [1] INFO  ConnectionStringLog [(null)] - spring context handler init assembly:Microsoft.Web.Infrastructure.dll
2015-04-06 20:30:18,972 [1] INFO  ConnectionStringLog [(null)] - spring context handler init assembly:Microsoft.Web.Mvc.FixedDisplayModes.dll
2015-04-06 20:30:18,973 [1] INFO  ConnectionStringLog [(null)] - spring context handler init assembly:Microsoft.Web.WebPages.OAuth.dll
2015-04-06 20:30:18,975 [1] INFO  ConnectionStringLog [(null)] - spring context handler init assembly:Newtonsoft.Json.dll
2015-04-06 20:30:18,978 [1] INFO  ConnectionStringLog [(null)] - spring context handler init assembly:Spring.Core.dll
2015-04-06 20:30:18,982 [1] INFO  ConnectionStringLog [(null)] - spring context handler init assembly:System.Net.Http.Formatting.dll
2015-04-06 20:30:18,984 [1] INFO  ConnectionStringLog [(null)] - spring context handler init assembly:System.Spatial.dll
2015-04-06 20:30:18,986 [1] INFO  ConnectionStringLog [(null)] - spring context handler init assembly:System.Web.Helpers.dll
2015-04-06 20:30:18,988 [1] INFO  ConnectionStringLog [(null)] - spring context handler init assembly:System.Web.Http.dll
2015-04-06 20:30:18,991 [1] INFO  ConnectionStringLog [(null)] - spring context handler init assembly:System.Web.Http.OData.dll
2015-04-06 20:30:19,021 [1] INFO  ConnectionStringLog [(null)] - spring context handler init assembly:System.Web.Http.WebHost.dll
2015-04-06 20:30:19,023 [1] INFO  ConnectionStringLog [(null)] - spring context handler init assembly:System.Web.Mvc.dll
2015-04-06 20:30:19,027 [1] INFO  ConnectionStringLog [(null)] - spring context handler init assembly:System.Web.Optimization.dll
2015-04-06 20:30:19,028 [1] INFO  ConnectionStringLog [(null)] - spring context handler init assembly:System.Web.Razor.dll
2015-04-06 20:30:19,031 [1] INFO  ConnectionStringLog [(null)] - spring context handler init assembly:System.Web.WebPages.Deployment.dll
2015-04-06 20:30:19,034 [1] INFO  ConnectionStringLog [(null)] - spring context handler init assembly:System.Web.WebPages.dll
2015-04-06 20:30:19,036 [1] INFO  ConnectionStringLog [(null)] - spring context handler init assembly:System.Web.WebPages.Razor.dll
2015-04-06 20:30:19,038 [1] INFO  ConnectionStringLog [(null)] - spring context handler init assembly:WebGrease.dll
2015-04-06 20:30:19,040 [1] INFO  ConnectionStringLog [(null)] - spring context handler init assembly:WebMatrix.Data.dll
2015-04-06 20:30:19,042 [1] INFO  ConnectionStringLog [(null)] - spring context handler init assembly:WebMatrix.WebData.dll
2015-04-06 20:30:19,044 [1] INFO  ConnectionStringLog [(null)] - spring初始化使用时间是：0.196 秒
2015-04-06 20:30:19,321 [6] INFO  ConnectionStringLog [(null)] - ConnectionStringUtil not be initional, init it.
2015-04-06 20:30:19,327 [6] INFO  ConnectionStringLog [(null)] - 第1次获取连接字符串开始...
2015-04-06 20:30:19,328 [6] INFO  ConnectionStringLog [(null)] - [ConnectionStringFactory] Create ConnectionStrings by Creator:AC.Data.ConnString.Config.ConnStringCreatorOfConfig
2015-04-06 20:30:19,330 [6] INFO  ConnectionStringLog [(null)] - 配置文件的[connectionStrings]配置节中共有字符串数量：3.
ConfigConnString:ConfigConnString:[Name:LocalSqlServer]-[ConnectionString:data source=.\SQLEXPRESS;Integrated Security=SSPI;AttachDBFilename=|DataDirectory|aspnetdb.mdf;User Instance=true]-[ProviderName:System.Data.SqlClient]
ConfigConnString:ConfigConnString:[Name:LocalMySqlServer]-[ConnectionString:]-[ProviderName:]
ConfigConnString:ConfigConnString:[Name:ConnStringOfSizom]-[ConnectionString:Data Source=115.28.152.245;Initial Catalog=Sizom;User ID=artsizom;password=q1w2e3r$]-[ProviderName:]

2015-04-06 20:30:19,330 [6] INFO  ConnectionStringLog [(null)] - ConnectionString初始化完成，共有数据库连接字符串：3个ConfigConnString:[Name:LocalSqlServer]-[ConnectionString:data source=.\SQLEXPRESS;Integrated Security=SSPI;AttachDBFilename=|DataDirectory|aspnetdb.mdf;User Instance=true]-[ProviderName:System.Data.SqlClient]
ConfigConnString:[Name:LocalMySqlServer]-[ConnectionString:]-[ProviderName:]
ConfigConnString:[Name:ConnStringOfSizom]-[ConnectionString:Data Source=115.28.152.245;Initial Catalog=Sizom;User ID=artsizom;password=q1w2e3r$]-[ProviderName:]

